0 info it worked if it ends with ok
1 verbose cli [ 'node', '/usr/local/bin/npm', 'publish' ]
2 info using npm@2.10.0
3 info using node@v0.12.2
4 verbose node symlink /usr/local/bin/node
5 verbose publish [ '.' ]
6 silly cache add args [ '.', null ]
7 verbose cache add spec .
8 silly cache add parsed spec { raw: '.',
8 silly cache add   scope: null,
8 silly cache add   name: null,
8 silly cache add   rawSpec: '.',
8 silly cache add   spec: '/Users/brettbeutell/shrimpbird/internship-2015/switchboard-internship-2015/turing-omnibus/44-game-of-life',
8 silly cache add   type: 'directory' }
9 verbose addLocalDirectory /Users/brettbeutell/.npm/game-of-life-d3-boots/0.1.0/package.tgz not in flight; packing
10 verbose tar pack [ '/Users/brettbeutell/.npm/game-of-life-d3-boots/0.1.0/package.tgz',
10 verbose tar pack   '/Users/brettbeutell/shrimpbird/internship-2015/switchboard-internship-2015/turing-omnibus/44-game-of-life' ]
11 verbose tarball /Users/brettbeutell/.npm/game-of-life-d3-boots/0.1.0/package.tgz
12 verbose folder /Users/brettbeutell/shrimpbird/internship-2015/switchboard-internship-2015/turing-omnibus/44-game-of-life
13 info prepublish game-of-life-d3-boots@0.1.0
14 verbose addLocalTarball adding from inside cache /Users/brettbeutell/.npm/game-of-life-d3-boots/0.1.0/package.tgz
15 silly cache afterAdd game-of-life-d3-boots@0.1.0
16 verbose afterAdd /Users/brettbeutell/.npm/game-of-life-d3-boots/0.1.0/package/package.json not in flight; writing
17 verbose afterAdd /Users/brettbeutell/.npm/game-of-life-d3-boots/0.1.0/package/package.json written
18 silly publish { name: 'game-of-life-d3-boots',
18 silly publish   author: { name: 'boots' },
18 silly publish   engines: { node: '>= 0.10.0' },
18 silly publish   devDependencies:
18 silly publish    { grunt: '~0.4.5',
18 silly publish      'grunt-contrib-jshint': '~0.10.0',
18 silly publish      'grunt-contrib-watch': '~0.6.1',
18 silly publish      'grunt-contrib-qunit': '~0.5.2',
18 silly publish      'grunt-contrib-uglify': '~0.5.0',
18 silly publish      'grunt-browserify': '~3.8.0' },
18 silly publish   version: '0.1.0',
18 silly publish   description: 'name says it all',
18 silly publish   main: 'Gruntfile.js',
18 silly publish   directories: { test: 'test' },
18 silly publish   dependencies:
18 silly publish    { d3: '~3.5.5',
18 silly publish      'es6-promise': '~2.1.1',
18 silly publish      grunt: '~0.4.5',
18 silly publish      'grunt-contrib-concat': '~0.4.0',
18 silly publish      'grunt-contrib-jshint': '~0.10.0',
18 silly publish      'grunt-contrib-qunit': '~0.5.2',
18 silly publish      'grunt-contrib-uglify': '~0.5.1',
18 silly publish      'grunt-contrib-watch': '~0.6.1',
18 silly publish      'grunt-browserify': '~3.8.0' },
18 silly publish   scripts: { test: 'echo "Error: no test specified" && exit 1' },
18 silly publish   keywords: [ 'conway', 'game of life', 'd3', 'boots' ],
18 silly publish   license: 'MIT',
18 silly publish   readme: 'ERROR: No README data found!',
18 silly publish   _id: 'game-of-life-d3-boots@0.1.0',
18 silly publish   _shasum: '60b990c018ed7774ceb73d5a81a9d35a2aef9496',
18 silly publish   _from: '.' }
19 verbose getPublishConfig undefined
20 silly mapToRegistry name game-of-life-d3-boots
21 silly mapToRegistry using default registry
22 silly mapToRegistry registry https://registry.npmjs.org/
23 silly mapToRegistry uri https://registry.npmjs.org/game-of-life-d3-boots
24 verbose publish registryBase https://registry.npmjs.org/
25 silly publish uploading /Users/brettbeutell/.npm/game-of-life-d3-boots/0.1.0/package.tgz
26 verbose request uri https://registry.npmjs.org/game-of-life-d3-boots
27 verbose request sending authorization for write operation
28 info attempt registry request try #1 at 08:44:37
29 verbose request using bearer token for auth
30 verbose request id bf71257f69322f7b
31 http request PUT https://registry.npmjs.org/game-of-life-d3-boots
32 http 403 https://registry.npmjs.org/game-of-life-d3-boots
33 verbose headers { 'content-type': 'application/json',
33 verbose headers   'cache-control': 'max-age=60',
33 verbose headers   'content-length': '95',
33 verbose headers   'accept-ranges': 'bytes',
33 verbose headers   date: 'Mon, 25 May 2015 15:44:38 GMT',
33 verbose headers   via: '1.1 varnish',
33 verbose headers   connection: 'keep-alive',
33 verbose headers   'x-served-by': 'cache-sjc3128-SJC',
33 verbose headers   'x-cache': 'MISS',
33 verbose headers   'x-cache-hits': '0',
33 verbose headers   'x-timer': 'S1432568677.556790,VS0,VE941' }
34 verbose request invalidating /Users/brettbeutell/.npm/registry.npmjs.org/game-of-life-d3-boots on PUT
35 error publish Failed PUT 403
36 verbose stack Error: "You cannot publish over the previously published version 0.1.0." : game-of-life-d3-boots
36 verbose stack     at CachingRegistryClient.<anonymous> (/usr/local/lib/node_modules/npm/node_modules/npm-registry-client/lib/request.js:247:14)
36 verbose stack     at Request._callback (/usr/local/lib/node_modules/npm/node_modules/npm-registry-client/lib/request.js:170:14)
36 verbose stack     at Request.self.callback (/usr/local/lib/node_modules/npm/node_modules/request/request.js:368:22)
36 verbose stack     at Request.emit (events.js:110:17)
36 verbose stack     at Request.<anonymous> (/usr/local/lib/node_modules/npm/node_modules/request/request.js:1219:14)
36 verbose stack     at Request.emit (events.js:129:20)
36 verbose stack     at IncomingMessage.<anonymous> (/usr/local/lib/node_modules/npm/node_modules/request/request.js:1167:12)
36 verbose stack     at IncomingMessage.emit (events.js:129:20)
36 verbose stack     at _stream_readable.js:908:16
36 verbose stack     at process._tickCallback (node.js:355:11)
37 verbose statusCode 403
38 verbose pkgid game-of-life-d3-boots
39 verbose cwd /Users/brettbeutell/shrimpbird/internship-2015/switchboard-internship-2015/turing-omnibus/44-game-of-life
40 error Darwin 14.3.0
41 error argv "node" "/usr/local/bin/npm" "publish"
42 error node v0.12.2
43 error npm  v2.10.0
44 error code E403
45 error "You cannot publish over the previously published version 0.1.0." : game-of-life-d3-boots
46 error If you need help, you may report this error at:
46 error     <https://github.com/npm/npm/issues>
47 verbose exit [ 1, true ]
